2024-08-13 09:36:23.6664 INFO Application started. Press Ctrl+C to shut down.
2024-08-13 09:36:23.6937 INFO Request starting HTTP/1.1 GET http://localhost:29242/swagger - -
2024-08-13 09:36:23.7091 INFO Hosting environment: Development
2024-08-13 09:36:23.7091 INFO Content root path: C:\Users\Samet\source\repos\TelefonRehberi\TelefonRehberi
2024-08-13 09:36:23.9043 INFO Request starting HTTP/1.1 GET http://localhost:29242/swagger/index.html - -
2024-08-13 09:36:23.9043 INFO Request finished HTTP/1.1 GET http://localhost:29242/swagger - - - 301 - - 212.8562ms
2024-08-13 09:36:23.9797 INFO Request finished HTTP/1.1 GET http://localhost:29242/swagger/index.html - - - 200 - text/html;charset=utf-8 75.3530ms
2024-08-13 09:36:23.9797 INFO Request starting HTTP/1.1 GET http://localhost:29242/swagger/swagger-ui.css - -
2024-08-13 09:36:23.9797 INFO Request starting HTTP/1.1 GET http://localhost:29242/swagger/swagger-ui-bundle.js - -
2024-08-13 09:36:23.9797 INFO Request starting HTTP/1.1 GET http://localhost:29242/_framework/aspnetcore-browser-refresh.js - -
2024-08-13 09:36:23.9797 INFO Request starting HTTP/1.1 GET http://localhost:29242/swagger/swagger-ui-standalone-preset.js - -
2024-08-13 09:36:23.9962 INFO Request finished HTTP/1.1 GET http://localhost:29242/_framework/aspnetcore-browser-refresh.js - - - 200 12360 application/javascript;+charset=utf-8 7.8322ms
2024-08-13 09:36:24.0186 INFO Sending file. Request path: '/swagger-ui-standalone-preset.js'. Physical path: 'N/A'
2024-08-13 09:36:24.0186 INFO Sending file. Request path: '/swagger-ui.css'. Physical path: 'N/A'
2024-08-13 09:36:24.0186 INFO Request finished HTTP/1.1 GET http://localhost:29242/swagger/swagger-ui.css - - - 200 142933 text/css 35.9397ms
2024-08-13 09:36:24.0241 INFO Sending file. Request path: '/swagger-ui-bundle.js'. Physical path: 'N/A'
2024-08-13 09:36:24.0241 INFO Request finished HTTP/1.1 GET http://localhost:29242/swagger/swagger-ui-standalone-preset.js - - - 200 311804 application/javascript 36.6752ms
2024-08-13 09:36:24.0241 INFO Request finished HTTP/1.1 GET http://localhost:29242/swagger/swagger-ui-bundle.js - - - 200 986342 application/javascript 52.5500ms
2024-08-13 09:36:24.4967 INFO Request starting HTTP/1.1 GET http://localhost:29242/_vs/browserLink - -
2024-08-13 09:36:24.5476 INFO Request finished HTTP/1.1 GET http://localhost:29242/_vs/browserLink - - - 200 - text/javascript;+charset=UTF-8 50.8497ms
2024-08-13 09:36:24.7234 INFO Request starting HTTP/1.1 GET http://localhost:29242/swagger/favicon-32x32.png - -
2024-08-13 09:36:24.7234 INFO Sending file. Request path: '/favicon-32x32.png'. Physical path: 'N/A'
2024-08-13 09:36:24.7234 INFO Request finished HTTP/1.1 GET http://localhost:29242/swagger/favicon-32x32.png - - - 200 628 image/png 2.0137ms
2024-08-13 09:36:24.8096 INFO Request starting HTTP/1.1 GET http://localhost:29242/swagger/v1/swagger.json - -
2024-08-13 09:36:24.9156 INFO Request finished HTTP/1.1 GET http://localhost:29242/swagger/v1/swagger.json - - - 200 - application/json;charset=utf-8 105.9975ms
2024-08-13 09:36:42.7207 INFO Request starting HTTP/1.1 GET http://localhost:29242/api/kisiler - -
2024-08-13 09:36:42.7661 INFO CORS policy execution successful.
2024-08-13 09:36:42.7661 INFO Executing endpoint 'TelefonRehberi.Controllers.KisilerController.GetKisiler (TelefonRehberi)'
2024-08-13 09:36:42.8007 INFO Route matched with {action = "GetKisiler", controller = "Kisiler"}. Executing controller action with signature System.Threading.Tasks.Task`1[Microsoft.AspNetCore.Mvc.ActionResult`1[System.Collections.Generic.IEnumerable`1[TelefonRehberi.Models.Kisiler]]] GetKisiler() on controller TelefonRehberi.Controllers.KisilerController (TelefonRehberi).
2024-08-13 09:36:42.9299 INFO Fetching all Kisiler records.
2024-08-13 09:36:43.2428 INFO Entity Framework Core 5.0.0 initialized 'KisilerContext' using provider 'Microsoft.EntityFrameworkCore.SqlServer' with options: None
2024-08-13 09:36:43.7435 INFO Executed DbCommand (50ms) [Parameters=[], CommandType='Text', CommandTimeout='30']
SELECT [k].[Id], [k].[Email], [k].[Isim], [k].[Numara], [k].[Soyisim]
FROM [Kisiler] AS [k]
2024-08-13 09:36:43.8033 INFO Fetched 9 Kisiler records.
2024-08-13 09:36:43.8073 INFO Executing ObjectResult, writing value of type 'System.Collections.Generic.List`1[[TelefonRehberi.Models.Kisiler, TelefonRehberi, Version=1.0.0.0, Culture=neutral, PublicKeyToken=null]]'.
2024-08-13 09:36:43.8073 INFO Executed action TelefonRehberi.Controllers.KisilerController.GetKisiler (TelefonRehberi) in 1013.8959ms
2024-08-13 09:36:43.8073 INFO Executed endpoint 'TelefonRehberi.Controllers.KisilerController.GetKisiler (TelefonRehberi)'
2024-08-13 09:36:43.8210 INFO Request finished HTTP/1.1 GET http://localhost:29242/api/kisiler - - - 200 - application/json;+charset=utf-8 1100.1914ms
2024-08-13 09:42:34.3708 INFO Application started. Press Ctrl+C to shut down.
2024-08-13 09:42:34.3708 INFO Request starting HTTP/1.1 GET http://localhost:29242/swagger/index.html - -
2024-08-13 09:42:34.3975 INFO Hosting environment: Development
2024-08-13 09:42:34.3975 INFO Content root path: C:\Users\Samet\source\repos\TelefonRehberi\TelefonRehberi
2024-08-13 09:42:34.5893 INFO Request finished HTTP/1.1 GET http://localhost:29242/swagger/index.html - - - 200 - text/html;charset=utf-8 205.4081ms
2024-08-13 09:42:34.5893 INFO Request starting HTTP/1.1 GET http://localhost:29242/_framework/aspnetcore-browser-refresh.js - -
2024-08-13 09:42:34.6092 INFO Request finished HTTP/1.1 GET http://localhost:29242/_framework/aspnetcore-browser-refresh.js - - - 200 12360 application/javascript;+charset=utf-8 8.4518ms
2024-08-13 09:42:35.0497 INFO Request starting HTTP/1.1 GET http://localhost:29242/_vs/browserLink - -
2024-08-13 09:42:35.0885 INFO Request finished HTTP/1.1 GET http://localhost:29242/_vs/browserLink - - - 200 - text/javascript;+charset=UTF-8 38.7339ms
2024-08-13 09:42:35.4385 INFO Request starting HTTP/1.1 GET http://localhost:29242/swagger/v1/swagger.json - -
2024-08-13 09:42:35.5200 INFO Request finished HTTP/1.1 GET http://localhost:29242/swagger/v1/swagger.json - - - 200 - application/json;charset=utf-8 81.4816ms
2024-08-13 09:43:06.7771 INFO Request starting HTTP/1.1 GET http://localhost:29242/api/kisiler - -
2024-08-13 09:43:06.8263 INFO CORS policy execution successful.
2024-08-13 09:43:06.8263 INFO Executing endpoint 'TelefonRehberi.Controllers.KisilerController.GetKisiler (TelefonRehberi)'
2024-08-13 09:43:06.8505 INFO Route matched with {action = "GetKisiler", controller = "Kisiler"}. Executing controller action with signature System.Threading.Tasks.Task`1[Microsoft.AspNetCore.Mvc.ActionResult`1[System.Collections.Generic.IEnumerable`1[TelefonRehberi.Models.Kisiler]]] GetKisiler() on controller TelefonRehberi.Controllers.KisilerController (TelefonRehberi).
2024-08-13 09:43:07.2712 INFO Entity Framework Core 5.0.0 initialized 'KisilerContext' using provider 'Microsoft.EntityFrameworkCore.SqlServer' with options: None
2024-08-13 09:43:07.2733 INFO Fetching all Kisiler records.
2024-08-13 09:43:07.7090 INFO Executed DbCommand (30ms) [Parameters=[], CommandType='Text', CommandTimeout='30']
SELECT [k].[Id], [k].[Email], [k].[Isim], [k].[Numara], [k].[Soyisim]
FROM [Kisiler] AS [k]
2024-08-13 09:43:07.7619 INFO Fetched 9 Kisiler records.
2024-08-13 09:43:07.7672 INFO Executing OkObjectResult, writing value of type 'System.Collections.Generic.List`1[[TelefonRehberi.Models.Kisiler, TelefonRehberi, Version=1.0.0.0, Culture=neutral, PublicKeyToken=null]]'.
2024-08-13 09:43:07.7672 INFO Executed action TelefonRehberi.Controllers.KisilerController.GetKisiler (TelefonRehberi) in 923.8857ms
2024-08-13 09:43:07.7672 INFO Executed endpoint 'TelefonRehberi.Controllers.KisilerController.GetKisiler (TelefonRehberi)'
2024-08-13 09:43:07.7812 INFO Request finished HTTP/1.1 GET http://localhost:29242/api/kisiler - - - 200 - application/json;+charset=utf-8 1004.1302ms
2024-08-13 09:43:29.8760 INFO Request starting HTTP/1.1 OPTIONS http://localhost:29242/api/kisiler/81 - -
2024-08-13 09:43:29.8760 INFO CORS policy execution successful.
2024-08-13 09:43:29.8847 INFO Request finished HTTP/1.1 OPTIONS http://localhost:29242/api/kisiler/81 - - - 204 - - 8.6629ms
2024-08-13 09:43:29.8847 INFO Request starting HTTP/1.1 DELETE http://localhost:29242/api/kisiler/81 - -
2024-08-13 09:43:29.8847 INFO CORS policy execution successful.
2024-08-13 09:43:29.8847 INFO Executing endpoint 'TelefonRehberi.Controllers.KisilerController.DeleteKisiler (TelefonRehberi)'
2024-08-13 09:43:29.9007 INFO Route matched with {action = "DeleteKisiler", controller = "Kisiler"}. Executing controller action with signature System.Threading.Tasks.Task`1[Microsoft.AspNetCore.Mvc.IActionResult] DeleteKisiler(Int32) on controller TelefonRehberi.Controllers.KisilerController (TelefonRehberi).
2024-08-13 09:43:29.9248 INFO Entity Framework Core 5.0.0 initialized 'KisilerContext' using provider 'Microsoft.EntityFrameworkCore.SqlServer' with options: None
2024-08-13 09:43:29.9348 INFO Deleting Kisi record with ID 81.
2024-08-13 09:43:30.0299 INFO Executed DbCommand (25ms) [Parameters=[@__p_0='?' (DbType = Int32)], CommandType='Text', CommandTimeout='30']
SELECT TOP(1) [k].[Id], [k].[Email], [k].[Isim], [k].[Numara], [k].[Soyisim]
FROM [Kisiler] AS [k]
WHERE [k].[Id] = @__p_0
2024-08-13 09:43:30.1028 INFO Executed DbCommand (2ms) [Parameters=[@p0='?' (DbType = Int32)], CommandType='Text', CommandTimeout='30']
SET NOCOUNT ON;
DELETE FROM [Kisiler]
WHERE [Id] = @p0;
SELECT @@ROWCOUNT;
2024-08-13 09:43:30.1208 INFO Kisi record with ID 81 deleted successfully.
2024-08-13 09:43:30.1208 INFO Executing HttpStatusCodeResult, setting HTTP status code 204
2024-08-13 09:43:30.1208 INFO Executed action TelefonRehberi.Controllers.KisilerController.DeleteKisiler (TelefonRehberi) in 222.5422ms
2024-08-13 09:43:30.1208 INFO Executed endpoint 'TelefonRehberi.Controllers.KisilerController.DeleteKisiler (TelefonRehberi)'
2024-08-13 09:43:30.1208 INFO Request finished HTTP/1.1 DELETE http://localhost:29242/api/kisiler/81 - - - 204 - - 237.9755ms
2024-08-13 09:43:30.1208 INFO Request starting HTTP/1.1 GET http://localhost:29242/api/kisiler - -
2024-08-13 09:43:30.1208 INFO CORS policy execution successful.
2024-08-13 09:43:30.1208 INFO Executing endpoint 'TelefonRehberi.Controllers.KisilerController.GetKisiler (TelefonRehberi)'
2024-08-13 09:43:30.1208 INFO Route matched with {action = "GetKisiler", controller = "Kisiler"}. Executing controller action with signature System.Threading.Tasks.Task`1[Microsoft.AspNetCore.Mvc.ActionResult`1[System.Collections.Generic.IEnumerable`1[TelefonRehberi.Models.Kisiler]]] GetKisiler() on controller TelefonRehberi.Controllers.KisilerController (TelefonRehberi).
2024-08-13 09:43:30.1331 INFO Entity Framework Core 5.0.0 initialized 'KisilerContext' using provider 'Microsoft.EntityFrameworkCore.SqlServer' with options: None
2024-08-13 09:43:30.1331 INFO Fetching all Kisiler records.
2024-08-13 09:43:30.1331 INFO Executed DbCommand (1ms) [Parameters=[], CommandType='Text', CommandTimeout='30']
SELECT [k].[Id], [k].[Email], [k].[Isim], [k].[Numara], [k].[Soyisim]
FROM [Kisiler] AS [k]
2024-08-13 09:43:30.1331 INFO Fetched 8 Kisiler records.
2024-08-13 09:43:30.1331 INFO Executing OkObjectResult, writing value of type 'System.Collections.Generic.List`1[[TelefonRehberi.Models.Kisiler, TelefonRehberi, Version=1.0.0.0, Culture=neutral, PublicKeyToken=null]]'.
2024-08-13 09:43:30.1331 INFO Executed action TelefonRehberi.Controllers.KisilerController.GetKisiler (TelefonRehberi) in 10.5015ms
2024-08-13 09:43:30.1331 INFO Executed endpoint 'TelefonRehberi.Controllers.KisilerController.GetKisiler (TelefonRehberi)'
2024-08-13 09:43:30.1331 INFO Request finished HTTP/1.1 GET http://localhost:29242/api/kisiler - - - 200 - application/json;+charset=utf-8 13.4526ms
2024-08-13 09:43:42.1263 INFO Request starting HTTP/1.1 OPTIONS http://localhost:29242/api/kisiler - -
2024-08-13 09:43:42.1263 INFO CORS policy execution successful.
2024-08-13 09:43:42.1263 INFO Request finished HTTP/1.1 OPTIONS http://localhost:29242/api/kisiler - - - 204 - - 2.0155ms
2024-08-13 09:43:42.1263 INFO Request starting HTTP/1.1 POST http://localhost:29242/api/kisiler application/json 77
2024-08-13 09:43:42.1263 INFO CORS policy execution successful.
2024-08-13 09:43:42.1263 INFO Executing endpoint 'TelefonRehberi.Controllers.KisilerController.PostKisiler (TelefonRehberi)'
2024-08-13 09:43:42.1263 INFO Route matched with {action = "PostKisiler", controller = "Kisiler"}. Executing controller action with signature System.Threading.Tasks.Task`1[Microsoft.AspNetCore.Mvc.ActionResult`1[TelefonRehberi.Models.Kisiler]] PostKisiler(TelefonRehberi.Models.Kisiler) on controller TelefonRehberi.Controllers.KisilerController (TelefonRehberi).
2024-08-13 09:43:42.1263 INFO Entity Framework Core 5.0.0 initialized 'KisilerContext' using provider 'Microsoft.EntityFrameworkCore.SqlServer' with options: None
2024-08-13 09:43:42.1438 INFO Creating a new Kisi record.
2024-08-13 09:43:42.1794 INFO Executed DbCommand (5ms) [Parameters=[@p0='?' (Size = 4000), @p1='?' (Size = 4000), @p2='?' (Size = 4000), @p3='?' (Size = 4000)], CommandType='Text', CommandTimeout='30']
SET NOCOUNT ON;
INSERT INTO [Kisiler] ([Email], [Isim], [Numara], [Soyisim])
VALUES (@p0, @p1, @p2, @p3);
SELECT [Id]
FROM [Kisiler]
WHERE @@ROWCOUNT = 1 AND [Id] = scope_identity();
2024-08-13 09:43:42.1948 INFO Kisi record with ID 92 created.
2024-08-13 09:43:42.1948 INFO Executing CreatedAtActionResult, writing value of type 'TelefonRehberi.Models.Kisiler'.
2024-08-13 09:43:42.2180 INFO Executed action TelefonRehberi.Controllers.KisilerController.PostKisiler (TelefonRehberi) in 84.9052ms
2024-08-13 09:43:42.2180 INFO Executed endpoint 'TelefonRehberi.Controllers.KisilerController.PostKisiler (TelefonRehberi)'
2024-08-13 09:43:42.2180 INFO Request finished HTTP/1.1 POST http://localhost:29242/api/kisiler application/json 77 - 201 - application/json;+charset=utf-8 89.3643ms
2024-08-13 09:43:42.2180 INFO Request starting HTTP/1.1 GET http://localhost:29242/api/kisiler - -
2024-08-13 09:43:42.2180 INFO CORS policy execution successful.
2024-08-13 09:43:42.2180 INFO Executing endpoint 'TelefonRehberi.Controllers.KisilerController.GetKisiler (TelefonRehberi)'
2024-08-13 09:43:42.2180 INFO Route matched with {action = "GetKisiler", controller = "Kisiler"}. Executing controller action with signature System.Threading.Tasks.Task`1[Microsoft.AspNetCore.Mvc.ActionResult`1[System.Collections.Generic.IEnumerable`1[TelefonRehberi.Models.Kisiler]]] GetKisiler() on controller TelefonRehberi.Controllers.KisilerController (TelefonRehberi).
2024-08-13 09:43:42.2180 INFO Entity Framework Core 5.0.0 initialized 'KisilerContext' using provider 'Microsoft.EntityFrameworkCore.SqlServer' with options: None
2024-08-13 09:43:42.2180 INFO Fetching all Kisiler records.
2024-08-13 09:43:42.2180 INFO Executed DbCommand (1ms) [Parameters=[], CommandType='Text', CommandTimeout='30']
SELECT [k].[Id], [k].[Email], [k].[Isim], [k].[Numara], [k].[Soyisim]
FROM [Kisiler] AS [k]
2024-08-13 09:43:42.2180 INFO Fetched 9 Kisiler records.
2024-08-13 09:43:42.2180 INFO Executing OkObjectResult, writing value of type 'System.Collections.Generic.List`1[[TelefonRehberi.Models.Kisiler, TelefonRehberi, Version=1.0.0.0, Culture=neutral, PublicKeyToken=null]]'.
2024-08-13 09:43:42.2180 INFO Executed action TelefonRehberi.Controllers.KisilerController.GetKisiler (TelefonRehberi) in 2.9657ms
2024-08-13 09:43:42.2180 INFO Executed endpoint 'TelefonRehberi.Controllers.KisilerController.GetKisiler (TelefonRehberi)'
2024-08-13 09:43:42.2180 INFO Request finished HTTP/1.1 GET http://localhost:29242/api/kisiler - - - 200 - application/json;+charset=utf-8 4.3815ms
2024-08-13 10:31:29.9255 INFO Application started. Press Ctrl+C to shut down.
2024-08-13 10:31:29.9425 INFO Request starting HTTP/1.1 GET http://localhost:29242/swagger/index.html - -
2024-08-13 10:31:29.9513 INFO Hosting environment: Development
2024-08-13 10:31:29.9513 INFO Content root path: C:\Users\Samet\source\repos\TelefonRehberi\TelefonRehberi
2024-08-13 10:31:30.1450 INFO Request starting HTTP/1.1 GET http://localhost:29242/_framework/aspnetcore-browser-refresh.js - -
2024-08-13 10:31:30.1450 INFO Request finished HTTP/1.1 GET http://localhost:29242/swagger/index.html - - - 200 - text/html;charset=utf-8 204.2308ms
2024-08-13 10:31:30.1589 INFO Request finished HTTP/1.1 GET http://localhost:29242/_framework/aspnetcore-browser-refresh.js - - - 200 12360 application/javascript;+charset=utf-8 12.0413ms
2024-08-13 10:31:30.6562 INFO Request starting HTTP/1.1 GET http://localhost:29242/_vs/browserLink - -
2024-08-13 10:31:30.6917 INFO Request finished HTTP/1.1 GET http://localhost:29242/_vs/browserLink - - - 200 - text/javascript;+charset=UTF-8 35.4932ms
2024-08-13 10:31:30.9143 INFO Request starting HTTP/1.1 GET http://localhost:29242/swagger/v1/swagger.json - -
2024-08-13 10:31:30.9886 INFO Request finished HTTP/1.1 GET http://localhost:29242/swagger/v1/swagger.json - - - 200 - application/json;charset=utf-8 74.2757ms
2024-08-13 10:32:47.8806 INFO Request starting HTTP/1.1 GET http://localhost:29242/api/kisiler - -
2024-08-13 10:32:47.9260 INFO CORS policy execution successful.
2024-08-13 10:32:47.9260 INFO Executing endpoint 'TelefonRehberi.Controllers.KisilerController.GetKisiler (TelefonRehberi)'
2024-08-13 10:32:47.9519 INFO Route matched with {action = "GetKisiler", controller = "Kisiler"}. Executing controller action with signature System.Threading.Tasks.Task`1[Microsoft.AspNetCore.Mvc.ActionResult`1[System.Collections.Generic.IEnumerable`1[TelefonRehberi.Models.Kisiler]]] GetKisiler() on controller TelefonRehberi.Controllers.KisilerController (TelefonRehberi).
2024-08-13 10:32:48.4184 INFO Entity Framework Core 5.0.0 initialized 'KisilerContext' using provider 'Microsoft.EntityFrameworkCore.SqlServer' with options: None
2024-08-13 10:32:48.4184 INFO Fetching all Kisiler records.
2024-08-13 10:32:48.8340 INFO Executed DbCommand (33ms) [Parameters=[], CommandType='Text', CommandTimeout='30']
SELECT [k].[Id], [k].[Email], [k].[Isim], [k].[Numara], [k].[Soyisim]
FROM [Kisiler] AS [k]
2024-08-13 10:32:48.8865 INFO Fetched 9 Kisiler records.
2024-08-13 10:32:48.8914 INFO Executing OkObjectResult, writing value of type 'System.Collections.Generic.List`1[[TelefonRehberi.Models.Kisiler, TelefonRehberi, Version=1.0.0.0, Culture=neutral, PublicKeyToken=null]]'.
2024-08-13 10:32:48.8914 INFO Executed action TelefonRehberi.Controllers.KisilerController.GetKisiler (TelefonRehberi) in 947.5792ms
2024-08-13 10:32:48.8914 INFO Executed endpoint 'TelefonRehberi.Controllers.KisilerController.GetKisiler (TelefonRehberi)'
2024-08-13 10:32:48.9056 INFO Request finished HTTP/1.1 GET http://localhost:29242/api/kisiler - - - 200 - application/json;+charset=utf-8 1025.0644ms
2024-08-13 11:12:17.4824 INFO Request starting HTTP/1.1 GET http://localhost:29242/api/kisiler - -
2024-08-13 11:12:17.5110 INFO CORS policy execution successful.
2024-08-13 11:12:17.5110 INFO Executing endpoint 'TelefonRehberi.Controllers.KisilerController.GetKisiler (TelefonRehberi)'
2024-08-13 11:12:17.5110 INFO Route matched with {action = "GetKisiler", controller = "Kisiler"}. Executing controller action with signature System.Threading.Tasks.Task`1[Microsoft.AspNetCore.Mvc.ActionResult`1[System.Collections.Generic.IEnumerable`1[TelefonRehberi.Models.Kisiler]]] GetKisiler() on controller TelefonRehberi.Controllers.KisilerController (TelefonRehberi).
2024-08-13 11:12:17.5484 INFO Entity Framework Core 5.0.0 initialized 'KisilerContext' using provider 'Microsoft.EntityFrameworkCore.SqlServer' with options: None
2024-08-13 11:12:17.5484 INFO Fetching all Kisiler records.
2024-08-13 11:12:17.6017 INFO Executed DbCommand (7ms) [Parameters=[], CommandType='Text', CommandTimeout='30']
SELECT [k].[Id], [k].[Email], [k].[Isim], [k].[Numara], [k].[Soyisim]
FROM [Kisiler] AS [k]
2024-08-13 11:12:17.6024 INFO Fetched 9 Kisiler records.
2024-08-13 11:12:17.6024 INFO Executing OkObjectResult, writing value of type 'System.Collections.Generic.List`1[[TelefonRehberi.Models.Kisiler, TelefonRehberi, Version=1.0.0.0, Culture=neutral, PublicKeyToken=null]]'.
2024-08-13 11:12:17.6024 INFO Executed action TelefonRehberi.Controllers.KisilerController.GetKisiler (TelefonRehberi) in 86.4914ms
2024-08-13 11:12:17.6024 INFO Executed endpoint 'TelefonRehberi.Controllers.KisilerController.GetKisiler (TelefonRehberi)'
2024-08-13 11:12:17.6024 INFO Request finished HTTP/1.1 GET http://localhost:29242/api/kisiler - - - 200 - application/json;+charset=utf-8 121.7628ms
2024-08-13 11:37:52.8472 INFO Request starting HTTP/1.1 GET http://localhost:29242/api/kisiler - -
2024-08-13 11:37:52.8472 INFO CORS policy execution successful.
2024-08-13 11:37:52.8472 INFO Executing endpoint 'TelefonRehberi.Controllers.KisilerController.GetKisiler (TelefonRehberi)'
2024-08-13 11:37:52.8472 INFO Route matched with {action = "GetKisiler", controller = "Kisiler"}. Executing controller action with signature System.Threading.Tasks.Task`1[Microsoft.AspNetCore.Mvc.ActionResult`1[System.Collections.Generic.IEnumerable`1[TelefonRehberi.Models.Kisiler]]] GetKisiler() on controller TelefonRehberi.Controllers.KisilerController (TelefonRehberi).
2024-08-13 11:37:52.8642 INFO Entity Framework Core 5.0.0 initialized 'KisilerContext' using provider 'Microsoft.EntityFrameworkCore.SqlServer' with options: None
2024-08-13 11:37:52.8642 INFO Fetching all Kisiler records.
2024-08-13 11:37:52.9333 INFO Executed DbCommand (10ms) [Parameters=[], CommandType='Text', CommandTimeout='30']
SELECT [k].[Id], [k].[Email], [k].[Isim], [k].[Numara], [k].[Soyisim]
FROM [Kisiler] AS [k]
2024-08-13 11:37:52.9333 INFO Fetched 9 Kisiler records.
2024-08-13 11:37:52.9333 INFO Executing OkObjectResult, writing value of type 'System.Collections.Generic.List`1[[TelefonRehberi.Models.Kisiler, TelefonRehberi, Version=1.0.0.0, Culture=neutral, PublicKeyToken=null]]'.
2024-08-13 11:37:52.9333 INFO Executed action TelefonRehberi.Controllers.KisilerController.GetKisiler (TelefonRehberi) in 83.4299ms
2024-08-13 11:37:52.9333 INFO Executed endpoint 'TelefonRehberi.Controllers.KisilerController.GetKisiler (TelefonRehberi)'
2024-08-13 11:37:52.9333 INFO Request finished HTTP/1.1 GET http://localhost:29242/api/kisiler - - - 200 - application/json;+charset=utf-8 90.0010ms
