2024-08-26 14:35:56.8853 INFO Application started. Press Ctrl+C to shut down.
2024-08-26 14:35:56.9163 INFO Request starting HTTP/1.1 GET http://localhost:29242/swagger - -
2024-08-26 14:35:56.9320 INFO Hosting environment: Development
2024-08-26 14:35:56.9320 INFO Content root path: C:\Users\Samet\source\repos\TelefonRehberi\TelefonRehberi
2024-08-26 14:35:57.1634 INFO Request starting HTTP/1.1 GET http://localhost:29242/swagger/index.html - -
2024-08-26 14:35:57.1634 INFO Request finished HTTP/1.1 GET http://localhost:29242/swagger - - - 301 - - 249.0266ms
2024-08-26 14:35:57.3042 INFO Request finished HTTP/1.1 GET http://localhost:29242/swagger/index.html - - - 200 - text/html;charset=utf-8 140.7071ms
2024-08-26 14:35:57.3097 INFO Request starting HTTP/1.1 GET http://localhost:29242/swagger/swagger-ui.css - -
2024-08-26 14:35:57.3097 INFO Request starting HTTP/1.1 GET http://localhost:29242/swagger/swagger-ui-bundle.js - -
2024-08-26 14:35:57.3097 INFO Request starting HTTP/1.1 GET http://localhost:29242/swagger/swagger-ui-standalone-preset.js - -
2024-08-26 14:35:57.3677 INFO Sending file. Request path: '/swagger-ui-standalone-preset.js'. Physical path: 'N/A'
2024-08-26 14:35:57.3677 INFO Sending file. Request path: '/swagger-ui.css'. Physical path: 'N/A'
2024-08-26 14:35:57.3677 INFO Sending file. Request path: '/swagger-ui-bundle.js'. Physical path: 'N/A'
2024-08-26 14:35:57.3677 INFO Request finished HTTP/1.1 GET http://localhost:29242/swagger/swagger-ui.css - - - 200 142933 text/css 60.6744ms
2024-08-26 14:35:57.3753 INFO Request finished HTTP/1.1 GET http://localhost:29242/swagger/swagger-ui-standalone-preset.js - - - 200 311804 application/javascript 60.7205ms
2024-08-26 14:35:57.3881 INFO Request finished HTTP/1.1 GET http://localhost:29242/swagger/swagger-ui-bundle.js - - - 200 986342 application/javascript 77.5891ms
2024-08-26 14:35:58.2249 INFO Request starting HTTP/1.1 GET http://localhost:29242/_framework/aspnetcore-browser-refresh.js - -
2024-08-26 14:35:58.2249 INFO Request finished HTTP/1.1 GET http://localhost:29242/_framework/aspnetcore-browser-refresh.js - - - 200 12360 application/javascript;+charset=utf-8 2.6771ms
2024-08-26 14:35:58.2532 INFO Request starting HTTP/1.1 GET http://localhost:29242/_vs/browserLink - -
2024-08-26 14:35:58.3105 INFO Request finished HTTP/1.1 GET http://localhost:29242/_vs/browserLink - - - 200 - text/javascript;+charset=UTF-8 57.2649ms
2024-08-26 14:35:58.5446 INFO Request starting HTTP/1.1 GET http://localhost:29242/swagger/favicon-32x32.png - -
2024-08-26 14:35:58.5446 INFO Sending file. Request path: '/favicon-32x32.png'. Physical path: 'N/A'
2024-08-26 14:35:58.5446 INFO Request finished HTTP/1.1 GET http://localhost:29242/swagger/favicon-32x32.png - - - 200 628 image/png 1.5160ms
2024-08-26 14:35:58.6556 INFO Request starting HTTP/1.1 GET http://localhost:29242/swagger/v1/swagger.json - -
2024-08-26 14:35:58.7995 INFO Request finished HTTP/1.1 GET http://localhost:29242/swagger/v1/swagger.json - - - 200 - application/json;charset=utf-8 143.9141ms
2024-08-26 14:36:10.2483 INFO Request starting HTTP/1.1 GET http://localhost:29242/api/kisiler - -
2024-08-26 14:36:10.3022 INFO CORS policy execution successful.
2024-08-26 14:36:10.3022 INFO Executing endpoint 'TelefonRehberi.Controllers.KisilerController.GetKisiler (TelefonRehberi)'
2024-08-26 14:36:10.3599 INFO Route matched with {action = "GetKisiler", controller = "Kisiler"}. Executing controller action with signature System.Threading.Tasks.Task`1[Microsoft.AspNetCore.Mvc.ActionResult`1[System.Collections.Generic.IEnumerable`1[TelefonRehberi.Models.Kisiler]]] GetKisiler() on controller TelefonRehberi.Controllers.KisilerController (TelefonRehberi).
2024-08-26 14:36:10.8772 INFO Entity Framework Core 5.0.0 initialized 'KisilerContext' using provider 'Microsoft.EntityFrameworkCore.SqlServer' with options: None
2024-08-26 14:36:10.8772 INFO Tüm Kisiler kayıtları getiriliyor.
2024-08-26 14:36:11.4259 INFO Executed DbCommand (41ms) [Parameters=[], CommandType='Text', CommandTimeout='30']
SELECT [k].[Id], [k].[Email], [k].[Isim], [k].[Numara], [k].[Soyisim]
FROM [Kisiler] AS [k]
2024-08-26 14:36:11.4853 INFO 4 adet Kisiler kaydı getirildi.
2024-08-26 14:36:11.4853 INFO Executing OkObjectResult, writing value of type 'System.Collections.Generic.List`1[[TelefonRehberi.Models.Kisiler, TelefonRehberi, Version=1.0.0.0, Culture=neutral, PublicKeyToken=null]]'.
2024-08-26 14:36:11.5029 INFO Executed action TelefonRehberi.Controllers.KisilerController.GetKisiler (TelefonRehberi) in 1139.5536ms
2024-08-26 14:36:11.5029 INFO Executed endpoint 'TelefonRehberi.Controllers.KisilerController.GetKisiler (TelefonRehberi)'
2024-08-26 14:36:11.5029 INFO Request finished HTTP/1.1 GET http://localhost:29242/api/kisiler - - - 200 - application/json;+charset=utf-8 1259.3722ms
2024-08-26 14:36:16.0574 INFO Request starting HTTP/1.1 OPTIONS http://localhost:29242/api/kisiler - -
2024-08-26 14:36:16.0574 INFO CORS policy execution successful.
2024-08-26 14:36:16.0595 INFO Request finished HTTP/1.1 OPTIONS http://localhost:29242/api/kisiler - - - 204 - - 2.1231ms
2024-08-26 14:36:16.0595 INFO Request starting HTTP/1.1 POST http://localhost:29242/api/kisiler application/json 76
2024-08-26 14:36:16.0595 INFO CORS policy execution successful.
2024-08-26 14:36:16.0595 INFO Executing endpoint 'TelefonRehberi.Controllers.KisilerController.PostKisiler (TelefonRehberi)'
2024-08-26 14:36:16.0757 INFO Route matched with {action = "PostKisiler", controller = "Kisiler"}. Executing controller action with signature System.Threading.Tasks.Task`1[Microsoft.AspNetCore.Mvc.ActionResult`1[TelefonRehberi.Models.Kisiler]] PostKisiler(TelefonRehberi.Models.Kisiler) on controller TelefonRehberi.Controllers.KisilerController (TelefonRehberi).
2024-08-26 14:36:16.0967 INFO Entity Framework Core 5.0.0 initialized 'KisilerContext' using provider 'Microsoft.EntityFrameworkCore.SqlServer' with options: None
2024-08-26 14:36:16.1177 INFO Yeni bir Kisi kaydı oluşturuluyor.
2024-08-26 14:36:16.2309 INFO Executed DbCommand (25ms) [Parameters=[@p0='?' (Size = 4000), @p1='?' (Size = 4000), @p2='?' (Size = 4000), @p3='?' (Size = 4000)], CommandType='Text', CommandTimeout='30']
SET NOCOUNT ON;
INSERT INTO [Kisiler] ([Email], [Isim], [Numara], [Soyisim])
VALUES (@p0, @p1, @p2, @p3);
SELECT [Id]
FROM [Kisiler]
WHERE @@ROWCOUNT = 1 AND [Id] = scope_identity();
2024-08-26 14:36:16.2583 INFO ID'si 7 olan Kisi kaydı oluşturuldu.
2024-08-26 14:36:16.2583 INFO Executing CreatedAtActionResult, writing value of type 'TelefonRehberi.Models.Kisiler'.
2024-08-26 14:36:16.2785 INFO Executed action TelefonRehberi.Controllers.KisilerController.PostKisiler (TelefonRehberi) in 202.2641ms
2024-08-26 14:36:16.2785 INFO Executed endpoint 'TelefonRehberi.Controllers.KisilerController.PostKisiler (TelefonRehberi)'
2024-08-26 14:36:16.2785 INFO Request finished HTTP/1.1 POST http://localhost:29242/api/kisiler application/json 76 - 201 - application/json;+charset=utf-8 217.9712ms
2024-08-26 14:36:16.2785 INFO Request starting HTTP/1.1 GET http://localhost:29242/api/kisiler - -
2024-08-26 14:36:16.2785 INFO CORS policy execution successful.
2024-08-26 14:36:16.2785 INFO Executing endpoint 'TelefonRehberi.Controllers.KisilerController.GetKisiler (TelefonRehberi)'
2024-08-26 14:36:16.2785 INFO Route matched with {action = "GetKisiler", controller = "Kisiler"}. Executing controller action with signature System.Threading.Tasks.Task`1[Microsoft.AspNetCore.Mvc.ActionResult`1[System.Collections.Generic.IEnumerable`1[TelefonRehberi.Models.Kisiler]]] GetKisiler() on controller TelefonRehberi.Controllers.KisilerController (TelefonRehberi).
2024-08-26 14:36:16.2785 INFO Entity Framework Core 5.0.0 initialized 'KisilerContext' using provider 'Microsoft.EntityFrameworkCore.SqlServer' with options: None
2024-08-26 14:36:16.2785 INFO Tüm Kisiler kayıtları getiriliyor.
2024-08-26 14:36:16.2944 INFO Executed DbCommand (4ms) [Parameters=[], CommandType='Text', CommandTimeout='30']
SELECT [k].[Id], [k].[Email], [k].[Isim], [k].[Numara], [k].[Soyisim]
FROM [Kisiler] AS [k]
2024-08-26 14:36:16.2944 INFO 5 adet Kisiler kaydı getirildi.
2024-08-26 14:36:16.2944 INFO Executing OkObjectResult, writing value of type 'System.Collections.Generic.List`1[[TelefonRehberi.Models.Kisiler, TelefonRehberi, Version=1.0.0.0, Culture=neutral, PublicKeyToken=null]]'.
2024-08-26 14:36:16.2944 INFO Executed action TelefonRehberi.Controllers.KisilerController.GetKisiler (TelefonRehberi) in 13.1307ms
2024-08-26 14:36:16.2944 INFO Executed endpoint 'TelefonRehberi.Controllers.KisilerController.GetKisiler (TelefonRehberi)'
2024-08-26 14:36:16.2944 INFO Request finished HTTP/1.1 GET http://localhost:29242/api/kisiler - - - 200 - application/json;+charset=utf-8 14.5575ms
2024-08-26 14:36:49.5842 INFO Request starting HTTP/1.1 OPTIONS http://localhost:29242/api/kisiler/7 - -
2024-08-26 14:36:49.5842 INFO CORS policy execution successful.
2024-08-26 14:36:49.5842 INFO Request finished HTTP/1.1 OPTIONS http://localhost:29242/api/kisiler/7 - - - 204 - - 4.9722ms
2024-08-26 14:36:49.5904 INFO Request starting HTTP/1.1 DELETE http://localhost:29242/api/kisiler/7 - -
2024-08-26 14:36:49.5904 INFO CORS policy execution successful.
2024-08-26 14:36:49.5904 INFO Executing endpoint 'TelefonRehberi.Controllers.KisilerController.DeleteKisiler (TelefonRehberi)'
2024-08-26 14:36:49.5904 INFO Route matched with {action = "DeleteKisiler", controller = "Kisiler"}. Executing controller action with signature System.Threading.Tasks.Task`1[Microsoft.AspNetCore.Mvc.IActionResult] DeleteKisiler(Int32) on controller TelefonRehberi.Controllers.KisilerController (TelefonRehberi).
2024-08-26 14:36:49.5904 INFO Entity Framework Core 5.0.0 initialized 'KisilerContext' using provider 'Microsoft.EntityFrameworkCore.SqlServer' with options: None
2024-08-26 14:36:49.5904 INFO ID'si 7 olan Kisi kaydı siliniyor.
2024-08-26 14:36:49.6702 INFO Executed DbCommand (3ms) [Parameters=[@__p_0='?' (DbType = Int32)], CommandType='Text', CommandTimeout='30']
SELECT TOP(1) [k].[Id], [k].[Email], [k].[Isim], [k].[Numara], [k].[Soyisim]
FROM [Kisiler] AS [k]
WHERE [k].[Id] = @__p_0
2024-08-26 14:36:49.6702 INFO Executed DbCommand (2ms) [Parameters=[@p0='?' (DbType = Int32)], CommandType='Text', CommandTimeout='30']
SET NOCOUNT ON;
DELETE FROM [Kisiler]
WHERE [Id] = @p0;
SELECT @@ROWCOUNT;
2024-08-26 14:36:49.6843 INFO ID'si 7 olan Kisi kaydı başarıyla silindi.
2024-08-26 14:36:49.6843 INFO Executing HttpStatusCodeResult, setting HTTP status code 204
2024-08-26 14:36:49.6843 INFO Executed action TelefonRehberi.Controllers.KisilerController.DeleteKisiler (TelefonRehberi) in 89.637ms
2024-08-26 14:36:49.6843 INFO Executed endpoint 'TelefonRehberi.Controllers.KisilerController.DeleteKisiler (TelefonRehberi)'
2024-08-26 14:36:49.6843 INFO Request finished HTTP/1.1 DELETE http://localhost:29242/api/kisiler/7 - - - 204 - - 97.1761ms
2024-08-26 14:36:49.6843 INFO Request starting HTTP/1.1 GET http://localhost:29242/api/kisiler - -
2024-08-26 14:36:49.6843 INFO CORS policy execution successful.
2024-08-26 14:36:49.6843 INFO Executing endpoint 'TelefonRehberi.Controllers.KisilerController.GetKisiler (TelefonRehberi)'
2024-08-26 14:36:49.6843 INFO Route matched with {action = "GetKisiler", controller = "Kisiler"}. Executing controller action with signature System.Threading.Tasks.Task`1[Microsoft.AspNetCore.Mvc.ActionResult`1[System.Collections.Generic.IEnumerable`1[TelefonRehberi.Models.Kisiler]]] GetKisiler() on controller TelefonRehberi.Controllers.KisilerController (TelefonRehberi).
2024-08-26 14:36:49.6843 INFO Entity Framework Core 5.0.0 initialized 'KisilerContext' using provider 'Microsoft.EntityFrameworkCore.SqlServer' with options: None
2024-08-26 14:36:49.6843 INFO Tüm Kisiler kayıtları getiriliyor.
2024-08-26 14:36:49.6843 INFO Executed DbCommand (1ms) [Parameters=[], CommandType='Text', CommandTimeout='30']
SELECT [k].[Id], [k].[Email], [k].[Isim], [k].[Numara], [k].[Soyisim]
FROM [Kisiler] AS [k]
2024-08-26 14:36:49.6843 INFO 4 adet Kisiler kaydı getirildi.
2024-08-26 14:36:49.6843 INFO Executing OkObjectResult, writing value of type 'System.Collections.Generic.List`1[[TelefonRehberi.Models.Kisiler, TelefonRehberi, Version=1.0.0.0, Culture=neutral, PublicKeyToken=null]]'.
2024-08-26 14:36:49.6843 INFO Executed action TelefonRehberi.Controllers.KisilerController.GetKisiler (TelefonRehberi) in 3.3436ms
2024-08-26 14:36:49.6843 INFO Executed endpoint 'TelefonRehberi.Controllers.KisilerController.GetKisiler (TelefonRehberi)'
2024-08-26 14:36:49.6843 INFO Request finished HTTP/1.1 GET http://localhost:29242/api/kisiler - - - 200 - application/json;+charset=utf-8 4.3127ms
