2024-08-08 15:25:08.7174|INFO|Microsoft.Hosting.Lifetime|Application started. Press Ctrl+C to shut down.
2024-08-08 15:25:08.7270|INFO|Microsoft.AspNetCore.Hosting.Diagnostics|Request starting HTTP/1.1 GET http://localhost:29242/swagger/index.html - -
2024-08-08 15:25:08.7462|INFO|Microsoft.Hosting.Lifetime|Hosting environment: Development
2024-08-08 15:25:08.7462|INFO|Microsoft.Hosting.Lifetime|Content root path: C:\Users\Samet\source\repos\TelefonRehberi\TelefonRehberi
2024-08-08 15:25:08.8710|INFO|Microsoft.AspNetCore.Hosting.Diagnostics|Request finished HTTP/1.1 GET http://localhost:29242/swagger/index.html - - - 404 - - 145.7194ms
2024-08-08 15:25:11.4123|INFO|Microsoft.AspNetCore.Hosting.Diagnostics|Request starting HTTP/1.1 GET http://localhost:29242/swagger/index.html - -
2024-08-08 15:25:11.4123|INFO|Microsoft.AspNetCore.Hosting.Diagnostics|Request finished HTTP/1.1 GET http://localhost:29242/swagger/index.html - - - 404 - - 8.0700ms
2024-08-08 15:25:12.0702|INFO|Microsoft.AspNetCore.Hosting.Diagnostics|Request starting HTTP/1.1 GET http://localhost:29242/swagger/index.html - -
2024-08-08 15:25:12.0702|INFO|Microsoft.AspNetCore.Hosting.Diagnostics|Request finished HTTP/1.1 GET http://localhost:29242/swagger/index.html - - - 404 - - 3.2048ms
2024-08-08 15:25:12.3051|INFO|Microsoft.AspNetCore.Hosting.Diagnostics|Request starting HTTP/1.1 GET http://localhost:29242/swagger/index.html - -
2024-08-08 15:25:12.3051|INFO|Microsoft.AspNetCore.Hosting.Diagnostics|Request finished HTTP/1.1 GET http://localhost:29242/swagger/index.html - - - 404 - - 2.3605ms
2024-08-08 15:25:12.4676|INFO|Microsoft.AspNetCore.Hosting.Diagnostics|Request starting HTTP/1.1 GET http://localhost:29242/swagger/index.html - -
2024-08-08 15:25:12.4676|INFO|Microsoft.AspNetCore.Hosting.Diagnostics|Request finished HTTP/1.1 GET http://localhost:29242/swagger/index.html - - - 404 - - 2.1305ms
2024-08-08 15:25:12.6554|INFO|Microsoft.AspNetCore.Hosting.Diagnostics|Request starting HTTP/1.1 GET http://localhost:29242/swagger/index.html - -
2024-08-08 15:25:12.6554|INFO|Microsoft.AspNetCore.Hosting.Diagnostics|Request finished HTTP/1.1 GET http://localhost:29242/swagger/index.html - - - 404 - - 1.9012ms
2024-08-08 15:25:12.8334|INFO|Microsoft.AspNetCore.Hosting.Diagnostics|Request starting HTTP/1.1 GET http://localhost:29242/swagger/index.html - -
2024-08-08 15:25:12.8334|INFO|Microsoft.AspNetCore.Hosting.Diagnostics|Request finished HTTP/1.1 GET http://localhost:29242/swagger/index.html - - - 404 - - 1.5337ms
2024-08-08 15:25:12.9960|INFO|Microsoft.AspNetCore.Hosting.Diagnostics|Request starting HTTP/1.1 GET http://localhost:29242/swagger/index.html - -
2024-08-08 15:25:12.9960|INFO|Microsoft.AspNetCore.Hosting.Diagnostics|Request finished HTTP/1.1 GET http://localhost:29242/swagger/index.html - - - 404 - - 1.8614ms
2024-08-08 15:25:13.1351|INFO|Microsoft.AspNetCore.Hosting.Diagnostics|Request starting HTTP/1.1 GET http://localhost:29242/swagger/index.html - -
2024-08-08 15:25:13.1351|INFO|Microsoft.AspNetCore.Hosting.Diagnostics|Request finished HTTP/1.1 GET http://localhost:29242/swagger/index.html - - - 404 - - 1.6297ms
2024-08-08 15:25:24.2644|INFO|Microsoft.Hosting.Lifetime|Application started. Press Ctrl+C to shut down.
2024-08-08 15:25:24.2749|INFO|Microsoft.AspNetCore.Hosting.Diagnostics|Request starting HTTP/1.1 GET http://localhost:29242/swagger/index.html - -
2024-08-08 15:25:24.2749|INFO|Microsoft.Hosting.Lifetime|Hosting environment: Development
2024-08-08 15:25:24.2749|INFO|Microsoft.Hosting.Lifetime|Content root path: C:\Users\Samet\source\repos\TelefonRehberi\TelefonRehberi
2024-08-08 15:25:24.4274|INFO|Microsoft.AspNetCore.Hosting.Diagnostics|Request finished HTTP/1.1 GET http://localhost:29242/swagger/index.html - - - 404 - - 154.1871ms
2024-08-08 15:25:52.3841|INFO|Microsoft.AspNetCore.Hosting.Diagnostics|Request starting HTTP/1.1 GET http://localhost:29242/api/kisiler - -
2024-08-08 15:25:52.4036|INFO|Microsoft.AspNetCore.Cors.Infrastructure.CorsService|CORS policy execution successful.
2024-08-08 15:25:52.4036|INFO|Microsoft.AspNetCore.Routing.EndpointMiddleware|Executing endpoint 'TelefonRehberi.Controllers.KisilerController.GetKisiler (TelefonRehberi)'
2024-08-08 15:25:52.4341|INFO|Microsoft.AspNetCore.Mvc.Infrastructure.ControllerActionInvoker|Route matched with {action = "GetKisiler", controller = "Kisiler"}. Executing controller action with signature System.Threading.Tasks.Task`1[Microsoft.AspNetCore.Mvc.ActionResult`1[System.Collections.Generic.IEnumerable`1[TelefonRehberi.Models.Kisiler]]] GetKisiler() on controller TelefonRehberi.Controllers.KisilerController (TelefonRehberi).
2024-08-08 15:25:52.5834|INFO|TelefonRehberi.Controllers.KisilerController|GetKisiler called.
2024-08-08 15:25:52.8863|INFO|Microsoft.EntityFrameworkCore.Infrastructure|Entity Framework Core 5.0.0 initialized 'KisilerContext' using provider 'Microsoft.EntityFrameworkCore.SqlServer' with options: None
2024-08-08 15:25:53.3244|INFO|Microsoft.EntityFrameworkCore.Database.Command|Executed DbCommand (29ms) [Parameters=[], CommandType='Text', CommandTimeout='30']
SELECT [k].[Id], [k].[Email], [k].[Isim], [k].[Numara], [k].[Soyisim]
FROM [Kisiler] AS [k]
2024-08-08 15:25:53.3798|INFO|Microsoft.AspNetCore.Mvc.Infrastructure.ObjectResultExecutor|Executing ObjectResult, writing value of type 'System.Collections.Generic.List`1[[TelefonRehberi.Models.Kisiler, TelefonRehberi, Version=1.0.0.0, Culture=neutral, PublicKeyToken=null]]'.
2024-08-08 15:25:53.4070|INFO|Microsoft.AspNetCore.Mvc.Infrastructure.ControllerActionInvoker|Executed action TelefonRehberi.Controllers.KisilerController.GetKisiler (TelefonRehberi) in 970.182ms
2024-08-08 15:25:53.4070|INFO|Microsoft.AspNetCore.Routing.EndpointMiddleware|Executed endpoint 'TelefonRehberi.Controllers.KisilerController.GetKisiler (TelefonRehberi)'
2024-08-08 15:25:53.4070|INFO|Microsoft.AspNetCore.Hosting.Diagnostics|Request finished HTTP/1.1 GET http://localhost:29242/api/kisiler - - - 200 - application/json;+charset=utf-8 1026.1295ms
2024-08-08 15:26:04.3268|INFO|Microsoft.AspNetCore.Hosting.Diagnostics|Request starting HTTP/1.1 OPTIONS http://localhost:29242/api/kisiler/90 - -
2024-08-08 15:26:04.3268|INFO|Microsoft.AspNetCore.Cors.Infrastructure.CorsService|CORS policy execution successful.
2024-08-08 15:26:04.3268|INFO|Microsoft.AspNetCore.Hosting.Diagnostics|Request finished HTTP/1.1 OPTIONS http://localhost:29242/api/kisiler/90 - - - 204 - - 1.4924ms
2024-08-08 15:26:04.3268|INFO|Microsoft.AspNetCore.Hosting.Diagnostics|Request starting HTTP/1.1 DELETE http://localhost:29242/api/kisiler/90 - -
2024-08-08 15:26:04.3268|INFO|Microsoft.AspNetCore.Cors.Infrastructure.CorsService|CORS policy execution successful.
2024-08-08 15:26:04.3268|INFO|Microsoft.AspNetCore.Routing.EndpointMiddleware|Executing endpoint 'TelefonRehberi.Controllers.KisilerController.DeleteKisiler (TelefonRehberi)'
2024-08-08 15:26:04.3430|INFO|Microsoft.AspNetCore.Mvc.Infrastructure.ControllerActionInvoker|Route matched with {action = "DeleteKisiler", controller = "Kisiler"}. Executing controller action with signature System.Threading.Tasks.Task`1[Microsoft.AspNetCore.Mvc.IActionResult] DeleteKisiler(Int32) on controller TelefonRehberi.Controllers.KisilerController (TelefonRehberi).
2024-08-08 15:26:04.3574|INFO|TelefonRehberi.Controllers.KisilerController|DeleteKisiler called with id 90.
2024-08-08 15:26:04.3771|INFO|Microsoft.EntityFrameworkCore.Infrastructure|Entity Framework Core 5.0.0 initialized 'KisilerContext' using provider 'Microsoft.EntityFrameworkCore.SqlServer' with options: None
2024-08-08 15:26:04.4608|INFO|Microsoft.EntityFrameworkCore.Database.Command|Executed DbCommand (22ms) [Parameters=[@__p_0='?' (DbType = Int32)], CommandType='Text', CommandTimeout='30']
SELECT TOP(1) [k].[Id], [k].[Email], [k].[Isim], [k].[Numara], [k].[Soyisim]
FROM [Kisiler] AS [k]
WHERE [k].[Id] = @__p_0
2024-08-08 15:26:04.5280|INFO|Microsoft.EntityFrameworkCore.Database.Command|Executed DbCommand (2ms) [Parameters=[@p0='?' (DbType = Int32)], CommandType='Text', CommandTimeout='30']
SET NOCOUNT ON;
DELETE FROM [Kisiler]
WHERE [Id] = @p0;
SELECT @@ROWCOUNT;
2024-08-08 15:26:04.5495|INFO|Microsoft.AspNetCore.Mvc.StatusCodeResult|Executing HttpStatusCodeResult, setting HTTP status code 204
2024-08-08 15:26:04.5495|INFO|Microsoft.AspNetCore.Mvc.Infrastructure.ControllerActionInvoker|Executed action TelefonRehberi.Controllers.KisilerController.DeleteKisiler (TelefonRehberi) in 206.5348ms
2024-08-08 15:26:04.5495|INFO|Microsoft.AspNetCore.Routing.EndpointMiddleware|Executed endpoint 'TelefonRehberi.Controllers.KisilerController.DeleteKisiler (TelefonRehberi)'
2024-08-08 15:26:04.5495|INFO|Microsoft.AspNetCore.Hosting.Diagnostics|Request finished HTTP/1.1 DELETE http://localhost:29242/api/kisiler/90 - - - 204 - - 220.0377ms
2024-08-08 15:26:04.5495|INFO|Microsoft.AspNetCore.Hosting.Diagnostics|Request starting HTTP/1.1 GET http://localhost:29242/api/kisiler - -
2024-08-08 15:26:04.5519|INFO|Microsoft.AspNetCore.Cors.Infrastructure.CorsService|CORS policy execution successful.
2024-08-08 15:26:04.5519|INFO|Microsoft.AspNetCore.Routing.EndpointMiddleware|Executing endpoint 'TelefonRehberi.Controllers.KisilerController.GetKisiler (TelefonRehberi)'
2024-08-08 15:26:04.5519|INFO|Microsoft.AspNetCore.Mvc.Infrastructure.ControllerActionInvoker|Route matched with {action = "GetKisiler", controller = "Kisiler"}. Executing controller action with signature System.Threading.Tasks.Task`1[Microsoft.AspNetCore.Mvc.ActionResult`1[System.Collections.Generic.IEnumerable`1[TelefonRehberi.Models.Kisiler]]] GetKisiler() on controller TelefonRehberi.Controllers.KisilerController (TelefonRehberi).
2024-08-08 15:26:04.5519|INFO|TelefonRehberi.Controllers.KisilerController|GetKisiler called.
2024-08-08 15:26:04.5519|INFO|Microsoft.EntityFrameworkCore.Infrastructure|Entity Framework Core 5.0.0 initialized 'KisilerContext' using provider 'Microsoft.EntityFrameworkCore.SqlServer' with options: None
2024-08-08 15:26:04.5519|INFO|Microsoft.EntityFrameworkCore.Database.Command|Executed DbCommand (1ms) [Parameters=[], CommandType='Text', CommandTimeout='30']
SELECT [k].[Id], [k].[Email], [k].[Isim], [k].[Numara], [k].[Soyisim]
FROM [Kisiler] AS [k]
2024-08-08 15:26:04.5519|INFO|Microsoft.AspNetCore.Mvc.Infrastructure.ObjectResultExecutor|Executing ObjectResult, writing value of type 'System.Collections.Generic.List`1[[TelefonRehberi.Models.Kisiler, TelefonRehberi, Version=1.0.0.0, Culture=neutral, PublicKeyToken=null]]'.
2024-08-08 15:26:04.5519|INFO|Microsoft.AspNetCore.Mvc.Infrastructure.ControllerActionInvoker|Executed action TelefonRehberi.Controllers.KisilerController.GetKisiler (TelefonRehberi) in 11.0854ms
2024-08-08 15:26:04.5519|INFO|Microsoft.AspNetCore.Routing.EndpointMiddleware|Executed endpoint 'TelefonRehberi.Controllers.KisilerController.GetKisiler (TelefonRehberi)'
2024-08-08 15:26:04.5519|INFO|Microsoft.AspNetCore.Hosting.Diagnostics|Request finished HTTP/1.1 GET http://localhost:29242/api/kisiler - - - 200 - application/json;+charset=utf-8 11.8215ms
2024-08-08 15:26:14.0681|INFO|Microsoft.AspNetCore.Hosting.Diagnostics|Request starting HTTP/1.1 GET http://localhost:29242/swagger/index.html - -
2024-08-08 15:26:14.0681|INFO|Microsoft.AspNetCore.Hosting.Diagnostics|Request finished HTTP/1.1 GET http://localhost:29242/swagger/index.html - - - 404 - - 10.3801ms
2024-08-08 15:26:53.1103|INFO|Microsoft.Hosting.Lifetime|Application started. Press Ctrl+C to shut down.
2024-08-08 15:26:53.1217|INFO|Microsoft.AspNetCore.Hosting.Diagnostics|Request starting HTTP/1.1 GET http://localhost:29242/swagger/index.html - -
2024-08-08 15:26:53.1319|INFO|Microsoft.Hosting.Lifetime|Hosting environment: Development
2024-08-08 15:26:53.1319|INFO|Microsoft.Hosting.Lifetime|Content root path: C:\Users\Samet\source\repos\TelefonRehberi\TelefonRehberi
2024-08-08 15:26:53.2610|INFO|Microsoft.AspNetCore.Hosting.Diagnostics|Request finished HTTP/1.1 GET http://localhost:29242/swagger/index.html - - - 404 - - 141.0706ms
2024-08-08 15:27:14.4825|INFO|Microsoft.AspNetCore.Hosting.Diagnostics|Request starting HTTP/1.1 OPTIONS http://localhost:29242/api/kisiler - -
2024-08-08 15:27:14.4901|INFO|Microsoft.AspNetCore.Cors.Infrastructure.CorsService|CORS policy execution successful.
2024-08-08 15:27:14.4901|INFO|Microsoft.AspNetCore.Hosting.Diagnostics|Request finished HTTP/1.1 OPTIONS http://localhost:29242/api/kisiler - - - 204 - - 9.6129ms
2024-08-08 15:27:14.4901|INFO|Microsoft.AspNetCore.Hosting.Diagnostics|Request starting HTTP/1.1 POST http://localhost:29242/api/kisiler application/json 74
2024-08-08 15:27:14.4901|INFO|Microsoft.AspNetCore.Cors.Infrastructure.CorsService|CORS policy execution successful.
2024-08-08 15:27:14.4901|INFO|Microsoft.AspNetCore.Routing.EndpointMiddleware|Executing endpoint 'TelefonRehberi.Controllers.KisilerController.PostKisiler (TelefonRehberi)'
2024-08-08 15:27:14.5218|INFO|Microsoft.AspNetCore.Mvc.Infrastructure.ControllerActionInvoker|Route matched with {action = "PostKisiler", controller = "Kisiler"}. Executing controller action with signature System.Threading.Tasks.Task`1[Microsoft.AspNetCore.Mvc.ActionResult`1[TelefonRehberi.Models.Kisiler]] PostKisiler(TelefonRehberi.Models.Kisiler) on controller TelefonRehberi.Controllers.KisilerController (TelefonRehberi).
2024-08-08 15:27:14.6266|INFO|TelefonRehberi.Controllers.KisilerController|PostKisiler called.
2024-08-08 15:27:14.9365|INFO|Microsoft.EntityFrameworkCore.Infrastructure|Entity Framework Core 5.0.0 initialized 'KisilerContext' using provider 'Microsoft.EntityFrameworkCore.SqlServer' with options: None
2024-08-08 15:27:15.3298|INFO|Microsoft.EntityFrameworkCore.Database.Command|Executed DbCommand (39ms) [Parameters=[@p0='?' (Size = 4000), @p1='?' (Size = 4000), @p2='?' (Size = 4000), @p3='?' (Size = 4000)], CommandType='Text', CommandTimeout='30']
SET NOCOUNT ON;
INSERT INTO [Kisiler] ([Email], [Isim], [Numara], [Soyisim])
VALUES (@p0, @p1, @p2, @p3);
SELECT [Id]
FROM [Kisiler]
WHERE @@ROWCOUNT = 1 AND [Id] = scope_identity();
2024-08-08 15:27:15.3789|INFO|Microsoft.AspNetCore.Mvc.Infrastructure.ObjectResultExecutor|Executing CreatedAtActionResult, writing value of type 'TelefonRehberi.Models.Kisiler'.
2024-08-08 15:27:15.4136|INFO|Microsoft.AspNetCore.Mvc.Infrastructure.ControllerActionInvoker|Executed action TelefonRehberi.Controllers.KisilerController.PostKisiler (TelefonRehberi) in 889.6089ms
2024-08-08 15:27:15.4136|INFO|Microsoft.AspNetCore.Routing.EndpointMiddleware|Executed endpoint 'TelefonRehberi.Controllers.KisilerController.PostKisiler (TelefonRehberi)'
2024-08-08 15:27:15.4136|INFO|Microsoft.AspNetCore.Hosting.Diagnostics|Request finished HTTP/1.1 POST http://localhost:29242/api/kisiler application/json 74 - 201 - application/json;+charset=utf-8 921.4685ms
2024-08-08 15:27:15.4136|INFO|Microsoft.AspNetCore.Hosting.Diagnostics|Request starting HTTP/1.1 GET http://localhost:29242/api/kisiler - -
2024-08-08 15:27:15.4136|INFO|Microsoft.AspNetCore.Cors.Infrastructure.CorsService|CORS policy execution successful.
2024-08-08 15:27:15.4136|INFO|Microsoft.AspNetCore.Routing.EndpointMiddleware|Executing endpoint 'TelefonRehberi.Controllers.KisilerController.GetKisiler (TelefonRehberi)'
2024-08-08 15:27:15.4136|INFO|Microsoft.AspNetCore.Mvc.Infrastructure.ControllerActionInvoker|Route matched with {action = "GetKisiler", controller = "Kisiler"}. Executing controller action with signature System.Threading.Tasks.Task`1[Microsoft.AspNetCore.Mvc.ActionResult`1[System.Collections.Generic.IEnumerable`1[TelefonRehberi.Models.Kisiler]]] GetKisiler() on controller TelefonRehberi.Controllers.KisilerController (TelefonRehberi).
2024-08-08 15:27:15.4564|INFO|TelefonRehberi.Controllers.KisilerController|GetKisiler called.
2024-08-08 15:27:15.4845|INFO|Microsoft.EntityFrameworkCore.Infrastructure|Entity Framework Core 5.0.0 initialized 'KisilerContext' using provider 'Microsoft.EntityFrameworkCore.SqlServer' with options: None
2024-08-08 15:27:15.6674|INFO|Microsoft.EntityFrameworkCore.Database.Command|Executed DbCommand (6ms) [Parameters=[], CommandType='Text', CommandTimeout='30']
SELECT [k].[Id], [k].[Email], [k].[Isim], [k].[Numara], [k].[Soyisim]
FROM [Kisiler] AS [k]
2024-08-08 15:27:15.6774|INFO|Microsoft.AspNetCore.Mvc.Infrastructure.ObjectResultExecutor|Executing ObjectResult, writing value of type 'System.Collections.Generic.List`1[[TelefonRehberi.Models.Kisiler, TelefonRehberi, Version=1.0.0.0, Culture=neutral, PublicKeyToken=null]]'.
2024-08-08 15:27:15.6774|INFO|Microsoft.AspNetCore.Mvc.Infrastructure.ControllerActionInvoker|Executed action TelefonRehberi.Controllers.KisilerController.GetKisiler (TelefonRehberi) in 261.0965ms
2024-08-08 15:27:15.6774|INFO|Microsoft.AspNetCore.Routing.EndpointMiddleware|Executed endpoint 'TelefonRehberi.Controllers.KisilerController.GetKisiler (TelefonRehberi)'
2024-08-08 15:27:15.6774|INFO|Microsoft.AspNetCore.Hosting.Diagnostics|Request finished HTTP/1.1 GET http://localhost:29242/api/kisiler - - - 200 - application/json;+charset=utf-8 264.3011ms
2024-08-08 15:28:18.0669|INFO|Microsoft.AspNetCore.Hosting.Diagnostics|Request starting HTTP/1.1 GET http://localhost:29242/swagger/index.html - -
2024-08-08 15:28:18.0831|INFO|Microsoft.AspNetCore.Hosting.Diagnostics|Request finished HTTP/1.1 GET http://localhost:29242/swagger/index.html - - - 404 - - 16.2476ms
2024-08-08 15:58:52.4831|INFO|TelefonRehberi.Startup|Application started
2024-08-08 16:01:55.2378|INFO|TelefonRehberi.Startup|Application started
2024-08-08 16:02:13.2183|INFO|TelefonRehberi.Startup|Application started
2024-08-08 16:02:50.3015|INFO|TelefonRehberi.Startup|Application started
2024-08-08 16:05:27.8898|INFO|TelefonRehberi.Startup|Application started
